<?xml version="1.0" encoding="UTF-8"?>
<coverage generated="1612810652739" clover="3.2.0">
  <project timestamp="1612810652739" name="All files">
    <metrics statements="318" coveredstatements="318" conditionals="88" coveredconditionals="88" methods="64" coveredmethods="64" elements="470" coveredelements="470" complexity="0" loc="318" ncloc="318" packages="1" files="5" classes="5"/>
    <file name="cpu.ts" path="P:\04_Computer_Science\MOS6502\js\cpu.ts">
      <metrics statements="302" coveredstatements="302" conditionals="87" coveredconditionals="87" methods="59" coveredmethods="59"/>
      <line num="10" count="921585" type="stmt"/>
      <line num="11" count="307453" type="stmt"/>
      <line num="14" count="22" type="stmt"/>
      <line num="15" count="102" type="stmt"/>
      <line num="18" count="66" type="stmt"/>
      <line num="19" count="159" type="stmt"/>
      <line num="22" count="42" type="stmt"/>
      <line num="23" count="128" type="stmt"/>
      <line num="26" count="32" type="stmt"/>
      <line num="27" count="122" type="stmt"/>
      <line num="30" count="1229" type="stmt"/>
      <line num="31" count="763" type="stmt"/>
      <line num="36" count="93" type="stmt"/>
      <line num="37" count="93" type="stmt"/>
      <line num="38" count="93" type="stmt"/>
      <line num="39" count="93" type="stmt"/>
      <line num="40" count="93" type="stmt"/>
      <line num="41" count="93" type="stmt"/>
      <line num="42" count="93" type="stmt"/>
      <line num="47" count="75" type="stmt"/>
      <line num="48" count="307123" type="stmt"/>
      <line num="49" count="307123" type="cond" truecount="75" falsecount="0"/>
      <line num="54" count="2" type="stmt"/>
      <line num="55" count="2" type="stmt"/>
      <line num="56" count="2" type="stmt"/>
      <line num="57" count="2" type="stmt"/>
      <line num="59" count="1" type="stmt"/>
      <line num="60" count="1" type="stmt"/>
      <line num="61" count="1" type="stmt"/>
      <line num="62" count="1" type="stmt"/>
      <line num="64" count="1" type="stmt"/>
      <line num="65" count="1" type="stmt"/>
      <line num="66" count="1" type="stmt"/>
      <line num="67" count="1" type="stmt"/>
      <line num="69" count="1" type="stmt"/>
      <line num="70" count="1" type="stmt"/>
      <line num="71" count="1" type="stmt"/>
      <line num="72" count="1" type="stmt"/>
      <line num="75" count="2" type="stmt"/>
      <line num="76" count="2" type="stmt"/>
      <line num="77" count="2" type="stmt"/>
      <line num="78" count="2" type="stmt"/>
      <line num="79" count="2" type="stmt"/>
      <line num="81" count="1" type="stmt"/>
      <line num="82" count="1" type="stmt"/>
      <line num="83" count="1" type="stmt"/>
      <line num="84" count="1" type="stmt"/>
      <line num="85" count="1" type="stmt"/>
      <line num="87" count="1" type="stmt"/>
      <line num="88" count="1" type="stmt"/>
      <line num="89" count="1" type="stmt"/>
      <line num="90" count="1" type="stmt"/>
      <line num="91" count="1" type="stmt"/>
      <line num="96" count="1" type="stmt"/>
      <line num="97" count="1" type="stmt"/>
      <line num="98" count="1" type="stmt"/>
      <line num="99" count="1" type="stmt"/>
      <line num="101" count="1" type="stmt"/>
      <line num="102" count="1" type="stmt"/>
      <line num="103" count="1" type="stmt"/>
      <line num="104" count="1" type="stmt"/>
      <line num="106" count="1" type="stmt"/>
      <line num="107" count="1" type="stmt"/>
      <line num="108" count="1" type="stmt"/>
      <line num="109" count="1" type="stmt"/>
      <line num="111" count="1" type="stmt"/>
      <line num="112" count="1" type="stmt"/>
      <line num="113" count="1" type="stmt"/>
      <line num="114" count="1" type="stmt"/>
      <line num="117" count="2" type="stmt"/>
      <line num="118" count="2" type="stmt"/>
      <line num="119" count="2" type="stmt"/>
      <line num="120" count="2" type="stmt"/>
      <line num="121" count="2" type="stmt"/>
      <line num="123" count="1" type="stmt"/>
      <line num="124" count="1" type="stmt"/>
      <line num="125" count="1" type="stmt"/>
      <line num="126" count="1" type="stmt"/>
      <line num="127" count="1" type="stmt"/>
      <line num="129" count="1" type="stmt"/>
      <line num="130" count="1" type="stmt"/>
      <line num="131" count="1" type="stmt"/>
      <line num="132" count="1" type="stmt"/>
      <line num="133" count="1" type="stmt"/>
      <line num="136" count="2" type="stmt"/>
      <line num="137" count="2" type="stmt"/>
      <line num="139" count="1" type="stmt"/>
      <line num="140" count="1" type="stmt"/>
      <line num="141" count="1" type="stmt"/>
      <line num="142" count="1" type="stmt"/>
      <line num="143" count="1" type="stmt"/>
      <line num="145" count="1" type="stmt"/>
      <line num="146" count="1" type="stmt"/>
      <line num="147" count="1" type="stmt"/>
      <line num="148" count="1" type="stmt"/>
      <line num="149" count="1" type="stmt"/>
      <line num="150" count="1" type="stmt"/>
      <line num="152" count="1" type="stmt"/>
      <line num="153" count="1" type="stmt"/>
      <line num="154" count="1" type="stmt"/>
      <line num="155" count="1" type="stmt"/>
      <line num="156" count="1" type="stmt"/>
      <line num="158" count="1" type="stmt"/>
      <line num="159" count="1" type="stmt"/>
      <line num="160" count="1" type="stmt"/>
      <line num="161" count="1" type="stmt"/>
      <line num="162" count="1" type="stmt"/>
      <line num="163" count="1" type="stmt"/>
      <line num="175" count="307038" type="stmt"/>
      <line num="179" count="2" type="stmt"/>
      <line num="180" count="2" type="stmt"/>
      <line num="182" count="2" type="stmt"/>
      <line num="183" count="2" type="stmt"/>
      <line num="185" count="2" type="stmt"/>
      <line num="186" count="2" type="stmt"/>
      <line num="188" count="2" type="stmt"/>
      <line num="189" count="2" type="stmt"/>
      <line num="197" count="2" type="stmt"/>
      <line num="198" count="2" type="stmt"/>
      <line num="199" count="2" type="stmt"/>
      <line num="200" count="2" type="stmt"/>
      <line num="209" count="2" type="stmt"/>
      <line num="210" count="2" type="stmt"/>
      <line num="211" count="2" type="stmt"/>
      <line num="212" count="2" type="stmt"/>
      <line num="221" count="5" type="stmt"/>
      <line num="222" count="5" type="stmt"/>
      <line num="223" count="5" type="stmt"/>
      <line num="224" count="5" type="stmt"/>
      <line num="225" count="5" type="stmt"/>
      <line num="229" count="3" type="stmt"/>
      <line num="230" count="3" type="stmt"/>
      <line num="231" count="3" type="stmt"/>
      <line num="232" count="3" type="stmt"/>
      <line num="233" count="3" type="stmt"/>
      <line num="237" count="3" type="stmt"/>
      <line num="238" count="3" type="stmt"/>
      <line num="239" count="3" type="stmt"/>
      <line num="240" count="3" type="stmt"/>
      <line num="241" count="3" type="stmt"/>
      <line num="242" count="3" type="stmt"/>
      <line num="246" count="3" type="stmt"/>
      <line num="247" count="3" type="stmt"/>
      <line num="248" count="3" type="stmt"/>
      <line num="249" count="3" type="stmt"/>
      <line num="250" count="3" type="stmt"/>
      <line num="255" count="4" type="stmt"/>
      <line num="256" count="4" type="stmt"/>
      <line num="257" count="4" type="stmt"/>
      <line num="258" count="4" type="stmt"/>
      <line num="259" count="4" type="stmt"/>
      <line num="260" count="4" type="stmt"/>
      <line num="262" count="1" type="stmt"/>
      <line num="263" count="1" type="stmt"/>
      <line num="264" count="1" type="stmt"/>
      <line num="265" count="1" type="stmt"/>
      <line num="266" count="1" type="stmt"/>
      <line num="267" count="1" type="stmt"/>
      <line num="269" count="2" type="stmt"/>
      <line num="270" count="2" type="stmt"/>
      <line num="271" count="2" type="stmt"/>
      <line num="272" count="2" type="stmt"/>
      <line num="273" count="2" type="stmt"/>
      <line num="274" count="2" type="stmt"/>
      <line num="280" count="1" type="stmt"/>
      <line num="281" count="1" type="stmt"/>
      <line num="287" count="2" type="stmt"/>
      <line num="288" count="2" type="stmt"/>
      <line num="290" count="2" type="stmt"/>
      <line num="291" count="2" type="stmt"/>
      <line num="293" count="1" type="stmt"/>
      <line num="294" count="1" type="stmt"/>
      <line num="296" count="1" type="stmt"/>
      <line num="297" count="1" type="stmt"/>
      <line num="304" count="1" type="stmt"/>
      <line num="305" count="1" type="stmt"/>
      <line num="307" count="1" type="stmt"/>
      <line num="308" count="1" type="stmt"/>
      <line num="310" count="1" type="stmt"/>
      <line num="311" count="1" type="stmt"/>
      <line num="318" count="1" type="stmt"/>
      <line num="319" count="1" type="stmt"/>
      <line num="320" count="1" type="stmt"/>
      <line num="324" count="3" type="stmt"/>
      <line num="325" count="3" type="stmt"/>
      <line num="326" count="3" type="stmt"/>
      <line num="327" count="3" type="stmt"/>
      <line num="331" count="5" type="stmt"/>
      <line num="332" count="5" type="stmt"/>
      <line num="333" count="5" type="stmt"/>
      <line num="336" count="1" type="stmt"/>
      <line num="337" count="1" type="stmt"/>
      <line num="338" count="1" type="stmt"/>
      <line num="339" count="1" type="stmt"/>
      <line num="341" count="1" type="stmt"/>
      <line num="342" count="1" type="stmt"/>
      <line num="343" count="1" type="stmt"/>
      <line num="344" count="1" type="stmt"/>
      <line num="346" count="2" type="stmt"/>
      <line num="347" count="2" type="stmt"/>
      <line num="348" count="2" type="stmt"/>
      <line num="349" count="2" type="stmt"/>
      <line num="356" count="6" type="stmt"/>
      <line num="357" count="6" type="cond" truecount="2" falsecount="0"/>
      <line num="358" count="6" type="stmt"/>
      <line num="359" count="6" type="cond" truecount="2" falsecount="0"/>
      <line num="360" count="6" type="stmt"/>
      <line num="361" count="6" type="stmt"/>
      <line num="362" count="6" type="stmt"/>
      <line num="373" count="1317" type="stmt"/>
      <line num="377" count="307470" type="stmt"/>
      <line num="381" count="77" type="stmt"/>
      <line num="382" count="77" type="stmt"/>
      <line num="383" count="77" type="stmt"/>
      <line num="390" count="556" type="stmt"/>
      <line num="394" count="667" type="cond" truecount="2" falsecount="0"/>
      <line num="395" count="158" type="stmt"/>
      <line num="398" count="509" type="stmt"/>
      <line num="403" count="8" type="stmt"/>
      <line num="407" count="54" type="stmt"/>
      <line num="408" count="54" type="stmt"/>
      <line num="453" count="316" type="stmt"/>
      <line num="457" count="310" type="stmt"/>
      <line num="461" count="13" type="stmt"/>
      <line num="465" count="2" type="stmt"/>
      <line num="473" count="6" type="stmt"/>
      <line num="477" count="307206" type="stmt"/>
      <line num="481" count="1" type="stmt"/>
      <line num="489" count="6" type="stmt"/>
      <line num="493" count="4" type="stmt"/>
      <line num="494" count="4" type="stmt"/>
      <line num="495" count="4" type="stmt"/>
      <line num="499" count="2" type="stmt"/>
      <line num="500" count="2" type="stmt"/>
      <line num="501" count="2" type="stmt"/>
      <line num="502" count="2" type="stmt"/>
      <line num="524" count="9" type="cond" truecount="2" falsecount="0"/>
      <line num="525" count="9" type="stmt"/>
      <line num="526" count="9" type="stmt"/>
      <line num="527" count="9" type="stmt"/>
      <line num="528" count="9" type="stmt"/>
      <line num="529" count="9" type="stmt"/>
      <line num="533" count="8" type="stmt"/>
      <line num="534" count="8" type="stmt"/>
      <line num="535" count="8" type="stmt"/>
      <line num="539" count="6" type="stmt"/>
      <line num="540" count="6" type="stmt"/>
      <line num="541" count="6" type="stmt"/>
      <line num="542" count="6" type="stmt"/>
      <line num="543" count="6" type="stmt"/>
      <line num="551" count="13" type="stmt"/>
      <line num="555" count="13" type="stmt"/>
      <line num="556" count="13" type="stmt"/>
      <line num="560" count="11" type="stmt"/>
      <line num="564" count="10" type="stmt"/>
      <line num="565" count="10" type="stmt"/>
      <line num="583" count="4" type="stmt"/>
      <line num="584" count="4" type="stmt"/>
      <line num="601" count="6" type="stmt"/>
      <line num="602" count="6" type="stmt"/>
      <line num="603" count="6" type="stmt"/>
      <line num="604" count="6" type="cond" truecount="2" falsecount="0"/>
      <line num="605" count="6" type="stmt"/>
      <line num="606" count="6" type="stmt"/>
      <line num="607" count="6" type="stmt"/>
      <line num="615" count="307157" type="stmt"/>
      <line num="616" count="307157" type="stmt"/>
      <line num="617" count="307157" type="stmt"/>
      <line num="621" count="22" type="stmt"/>
      <line num="622" count="22" type="stmt"/>
      <line num="623" count="22" type="stmt"/>
      <line num="624" count="22" type="stmt"/>
      <line num="628" count="307215" type="stmt"/>
      <line num="632" count="28" type="stmt"/>
      <line num="636" count="8" type="stmt"/>
      <line num="640" count="6" type="stmt"/>
      <line num="641" count="6" type="stmt"/>
      <line num="645" count="6" type="stmt"/>
      <line num="646" count="6" type="stmt"/>
      <line num="650" count="6" type="stmt"/>
      <line num="651" count="6" type="stmt"/>
      <line num="655" count="9" type="stmt"/>
      <line num="656" count="9" type="stmt"/>
      <line num="660" count="3" type="stmt"/>
      <line num="661" count="3" type="stmt"/>
      <line num="665" count="4" type="stmt"/>
      <line num="666" count="4" type="stmt"/>
      <line num="674" count="75" type="stmt"/>
      <line num="678" count="21" type="stmt"/>
      <line num="682" count="1" type="stmt"/>
      <line num="683" count="1" type="stmt"/>
      <line num="687" count="3" type="stmt"/>
      <line num="688" count="3" type="stmt"/>
      <line num="692" count="5" type="stmt"/>
      <line num="693" count="5" type="stmt"/>
      <line num="697" count="1" type="stmt"/>
      <line num="698" count="1" type="stmt"/>
      <line num="702" count="1" type="stmt"/>
      <line num="703" count="1" type="stmt"/>
      <line num="707" count="2" type="stmt"/>
      <line num="708" count="2" type="stmt"/>
      <line num="712" count="1" type="stmt"/>
    </file>
    <file name="flag.ts" path="P:\04_Computer_Science\MOS6502\js\flag.ts">
      <metrics statements="2" coveredstatements="2" conditionals="0" coveredconditionals="0" methods="0" coveredmethods="0"/>
      <line num="11" count="1" type="stmt"/>
      <line num="12" count="1" type="stmt"/>
    </file>
    <file name="instruction.ts" path="P:\04_Computer_Science\MOS6502\js\instruction.ts">
      <metrics statements="2" coveredstatements="2" conditionals="0" coveredconditionals="0" methods="0" coveredmethods="0"/>
      <line num="107" count="1" type="stmt"/>
      <line num="108" count="1" type="stmt"/>
    </file>
    <file name="memory.ts" path="P:\04_Computer_Science\MOS6502\js\memory.ts">
      <metrics statements="10" coveredstatements="10" conditionals="1" coveredconditionals="1" methods="5" coveredmethods="5"/>
      <line num="7" count="93" type="stmt"/>
      <line num="8" count="93" type="stmt"/>
      <line num="11" count="93" type="stmt"/>
      <line num="13" count="6094848" type="stmt"/>
      <line num="19" count="307287" type="stmt"/>
      <line num="27" count="241" type="stmt"/>
      <line num="41" count="28" type="stmt"/>
      <line num="54" count="78" type="stmt"/>
      <line num="55" count="166" type="stmt"/>
      <line num="60" count="1" type="stmt"/>
    </file>
    <file name="register.ts" path="P:\04_Computer_Science\MOS6502\js\register.ts">
      <metrics statements="2" coveredstatements="2" conditionals="0" coveredconditionals="0" methods="0" coveredmethods="0"/>
      <line num="8" count="1" type="stmt"/>
      <line num="9" count="1" type="stmt"/>
    </file>
  </project>
</coverage>
