{"P:\\04_Computer_Science\\MOS6502\\js\\cpu.ts": {"path":"P:\\04_Computer_Science\\MOS6502\\js\\cpu.ts","statementMap":{"0":{"start":{"line":10,"column":30},"end":{"line":10,"column":46}},"1":{"start":{"line":11,"column":31},"end":{"line":11,"column":60}},"2":{"start":{"line":14,"column":30},"end":{"line":14,"column":46}},"3":{"start":{"line":15,"column":31},"end":{"line":15,"column":60}},"4":{"start":{"line":18,"column":29},"end":{"line":18,"column":44}},"5":{"start":{"line":19,"column":30},"end":{"line":19,"column":58}},"6":{"start":{"line":22,"column":29},"end":{"line":22,"column":44}},"7":{"start":{"line":23,"column":30},"end":{"line":23,"column":58}},"8":{"start":{"line":26,"column":29},"end":{"line":26,"column":44}},"9":{"start":{"line":27,"column":30},"end":{"line":27,"column":58}},"10":{"start":{"line":30,"column":29},"end":{"line":30,"column":44}},"11":{"start":{"line":31,"column":30},"end":{"line":31,"column":58}},"12":{"start":{"line":36,"column":8},"end":{"line":36,"column":22}},"13":{"start":{"line":37,"column":8},"end":{"line":37,"column":22}},"14":{"start":{"line":38,"column":8},"end":{"line":38,"column":22}},"15":{"start":{"line":39,"column":8},"end":{"line":39,"column":25}},"16":{"start":{"line":40,"column":8},"end":{"line":40,"column":23}},"17":{"start":{"line":41,"column":8},"end":{"line":41,"column":26}},"18":{"start":{"line":42,"column":8},"end":{"line":42,"column":29}},"19":{"start":{"line":47,"column":8},"end":{"line":366,"column":9}},"20":{"start":{"line":48,"column":22},"end":{"line":48,"column":39}},"21":{"start":{"line":49,"column":12},"end":{"line":365,"column":13}},"22":{"start":{"line":54,"column":31},"end":{"line":54,"column":37}},"23":{"start":{"line":55,"column":32},"end":{"line":55,"column":57}},"24":{"start":{"line":56,"column":20},"end":{"line":56,"column":62}},"25":{"start":{"line":57,"column":20},"end":{"line":57,"column":26}},"26":{"start":{"line":59,"column":31},"end":{"line":59,"column":37}},"27":{"start":{"line":60,"column":32},"end":{"line":60,"column":62}},"28":{"start":{"line":61,"column":20},"end":{"line":61,"column":62}},"29":{"start":{"line":62,"column":20},"end":{"line":62,"column":26}},"30":{"start":{"line":64,"column":31},"end":{"line":64,"column":37}},"31":{"start":{"line":65,"column":32},"end":{"line":65,"column":79}},"32":{"start":{"line":66,"column":20},"end":{"line":66,"column":62}},"33":{"start":{"line":67,"column":20},"end":{"line":67,"column":26}},"34":{"start":{"line":69,"column":31},"end":{"line":69,"column":37}},"35":{"start":{"line":70,"column":32},"end":{"line":70,"column":56}},"36":{"start":{"line":71,"column":20},"end":{"line":71,"column":62}},"37":{"start":{"line":72,"column":20},"end":{"line":72,"column":26}},"38":{"start":{"line":75,"column":39},"end":{"line":75,"column":77}},"39":{"start":{"line":76,"column":31},"end":{"line":76,"column":37}},"40":{"start":{"line":77,"column":32},"end":{"line":77,"column":71}},"41":{"start":{"line":78,"column":20},"end":{"line":78,"column":62}},"42":{"start":{"line":79,"column":20},"end":{"line":79,"column":26}},"43":{"start":{"line":81,"column":39},"end":{"line":81,"column":77}},"44":{"start":{"line":82,"column":31},"end":{"line":82,"column":37}},"45":{"start":{"line":83,"column":32},"end":{"line":83,"column":78}},"46":{"start":{"line":84,"column":20},"end":{"line":84,"column":62}},"47":{"start":{"line":85,"column":20},"end":{"line":85,"column":26}},"48":{"start":{"line":87,"column":39},"end":{"line":87,"column":77}},"49":{"start":{"line":88,"column":31},"end":{"line":88,"column":37}},"50":{"start":{"line":89,"column":32},"end":{"line":89,"column":78}},"51":{"start":{"line":90,"column":20},"end":{"line":90,"column":62}},"52":{"start":{"line":91,"column":20},"end":{"line":91,"column":26}},"53":{"start":{"line":96,"column":31},"end":{"line":96,"column":37}},"54":{"start":{"line":97,"column":32},"end":{"line":97,"column":57}},"55":{"start":{"line":98,"column":20},"end":{"line":98,"column":59}},"56":{"start":{"line":99,"column":20},"end":{"line":99,"column":26}},"57":{"start":{"line":101,"column":31},"end":{"line":101,"column":37}},"58":{"start":{"line":102,"column":32},"end":{"line":102,"column":62}},"59":{"start":{"line":103,"column":20},"end":{"line":103,"column":59}},"60":{"start":{"line":104,"column":20},"end":{"line":104,"column":26}},"61":{"start":{"line":106,"column":31},"end":{"line":106,"column":37}},"62":{"start":{"line":107,"column":32},"end":{"line":107,"column":79}},"63":{"start":{"line":108,"column":20},"end":{"line":108,"column":59}},"64":{"start":{"line":109,"column":20},"end":{"line":109,"column":26}},"65":{"start":{"line":111,"column":31},"end":{"line":111,"column":37}},"66":{"start":{"line":112,"column":32},"end":{"line":112,"column":56}},"67":{"start":{"line":113,"column":20},"end":{"line":113,"column":59}},"68":{"start":{"line":114,"column":20},"end":{"line":114,"column":26}},"69":{"start":{"line":117,"column":39},"end":{"line":117,"column":77}},"70":{"start":{"line":118,"column":31},"end":{"line":118,"column":37}},"71":{"start":{"line":119,"column":32},"end":{"line":119,"column":71}},"72":{"start":{"line":120,"column":20},"end":{"line":120,"column":59}},"73":{"start":{"line":121,"column":20},"end":{"line":121,"column":26}},"74":{"start":{"line":123,"column":39},"end":{"line":123,"column":77}},"75":{"start":{"line":124,"column":31},"end":{"line":124,"column":37}},"76":{"start":{"line":125,"column":32},"end":{"line":125,"column":78}},"77":{"start":{"line":126,"column":20},"end":{"line":126,"column":59}},"78":{"start":{"line":127,"column":20},"end":{"line":127,"column":26}},"79":{"start":{"line":129,"column":39},"end":{"line":129,"column":77}},"80":{"start":{"line":130,"column":31},"end":{"line":130,"column":37}},"81":{"start":{"line":131,"column":32},"end":{"line":131,"column":78}},"82":{"start":{"line":132,"column":20},"end":{"line":132,"column":59}},"83":{"start":{"line":133,"column":20},"end":{"line":133,"column":26}},"84":{"start":{"line":136,"column":20},"end":{"line":136,"column":53}},"85":{"start":{"line":137,"column":20},"end":{"line":137,"column":26}},"86":{"start":{"line":139,"column":34},"end":{"line":139,"column":57}},"87":{"start":{"line":140,"column":31},"end":{"line":140,"column":61}},"88":{"start":{"line":141,"column":32},"end":{"line":141,"column":53}},"89":{"start":{"line":142,"column":20},"end":{"line":142,"column":52}},"90":{"start":{"line":143,"column":20},"end":{"line":143,"column":26}},"91":{"start":{"line":145,"column":39},"end":{"line":145,"column":77}},"92":{"start":{"line":146,"column":34},"end":{"line":146,"column":82}},"93":{"start":{"line":147,"column":31},"end":{"line":147,"column":80}},"94":{"start":{"line":148,"column":32},"end":{"line":148,"column":53}},"95":{"start":{"line":149,"column":20},"end":{"line":149,"column":52}},"96":{"start":{"line":150,"column":20},"end":{"line":150,"column":26}},"97":{"start":{"line":152,"column":35},"end":{"line":152,"column":58}},"98":{"start":{"line":153,"column":31},"end":{"line":153,"column":55}},"99":{"start":{"line":154,"column":32},"end":{"line":154,"column":53}},"100":{"start":{"line":155,"column":20},"end":{"line":155,"column":53}},"101":{"start":{"line":156,"column":20},"end":{"line":156,"column":26}},"102":{"start":{"line":158,"column":39},"end":{"line":158,"column":77}},"103":{"start":{"line":159,"column":35},"end":{"line":159,"column":83}},"104":{"start":{"line":160,"column":31},"end":{"line":160,"column":70}},"105":{"start":{"line":161,"column":32},"end":{"line":161,"column":53}},"106":{"start":{"line":162,"column":20},"end":{"line":162,"column":53}},"107":{"start":{"line":163,"column":20},"end":{"line":163,"column":26}},"108":{"start":{"line":175,"column":20},"end":{"line":175,"column":26}},"109":{"start":{"line":179,"column":20},"end":{"line":179,"column":44}},"110":{"start":{"line":180,"column":20},"end":{"line":180,"column":26}},"111":{"start":{"line":182,"column":20},"end":{"line":182,"column":44}},"112":{"start":{"line":183,"column":20},"end":{"line":183,"column":26}},"113":{"start":{"line":185,"column":20},"end":{"line":185,"column":44}},"114":{"start":{"line":186,"column":20},"end":{"line":186,"column":26}},"115":{"start":{"line":188,"column":20},"end":{"line":188,"column":44}},"116":{"start":{"line":189,"column":20},"end":{"line":189,"column":26}},"117":{"start":{"line":197,"column":35},"end":{"line":197,"column":72}},"118":{"start":{"line":198,"column":20},"end":{"line":198,"column":54}},"119":{"start":{"line":199,"column":20},"end":{"line":199,"column":54}},"120":{"start":{"line":200,"column":20},"end":{"line":200,"column":26}},"121":{"start":{"line":209,"column":35},"end":{"line":209,"column":72}},"122":{"start":{"line":210,"column":20},"end":{"line":210,"column":54}},"123":{"start":{"line":211,"column":20},"end":{"line":211,"column":54}},"124":{"start":{"line":212,"column":20},"end":{"line":212,"column":26}},"125":{"start":{"line":221,"column":35},"end":{"line":221,"column":72}},"126":{"start":{"line":222,"column":31},"end":{"line":222,"column":56}},"127":{"start":{"line":223,"column":20},"end":{"line":223,"column":44}},"128":{"start":{"line":224,"column":20},"end":{"line":224,"column":65}},"129":{"start":{"line":225,"column":20},"end":{"line":225,"column":26}},"130":{"start":{"line":229,"column":35},"end":{"line":229,"column":72}},"131":{"start":{"line":230,"column":31},"end":{"line":230,"column":61}},"132":{"start":{"line":231,"column":20},"end":{"line":231,"column":44}},"133":{"start":{"line":232,"column":20},"end":{"line":232,"column":65}},"134":{"start":{"line":233,"column":20},"end":{"line":233,"column":26}},"135":{"start":{"line":237,"column":35},"end":{"line":237,"column":72}},"136":{"start":{"line":238,"column":39},"end":{"line":238,"column":77}},"137":{"start":{"line":239,"column":31},"end":{"line":239,"column":80}},"138":{"start":{"line":240,"column":20},"end":{"line":240,"column":44}},"139":{"start":{"line":241,"column":20},"end":{"line":241,"column":65}},"140":{"start":{"line":242,"column":20},"end":{"line":242,"column":26}},"141":{"start":{"line":246,"column":35},"end":{"line":246,"column":72}},"142":{"start":{"line":247,"column":31},"end":{"line":247,"column":55}},"143":{"start":{"line":248,"column":20},"end":{"line":248,"column":44}},"144":{"start":{"line":249,"column":20},"end":{"line":249,"column":65}},"145":{"start":{"line":250,"column":20},"end":{"line":250,"column":26}},"146":{"start":{"line":255,"column":35},"end":{"line":255,"column":72}},"147":{"start":{"line":256,"column":39},"end":{"line":256,"column":77}},"148":{"start":{"line":257,"column":31},"end":{"line":257,"column":70}},"149":{"start":{"line":258,"column":20},"end":{"line":258,"column":44}},"150":{"start":{"line":259,"column":20},"end":{"line":259,"column":65}},"151":{"start":{"line":260,"column":20},"end":{"line":260,"column":26}},"152":{"start":{"line":262,"column":35},"end":{"line":262,"column":72}},"153":{"start":{"line":263,"column":39},"end":{"line":263,"column":77}},"154":{"start":{"line":264,"column":31},"end":{"line":264,"column":77}},"155":{"start":{"line":265,"column":20},"end":{"line":265,"column":44}},"156":{"start":{"line":266,"column":20},"end":{"line":266,"column":65}},"157":{"start":{"line":267,"column":20},"end":{"line":267,"column":26}},"158":{"start":{"line":269,"column":35},"end":{"line":269,"column":72}},"159":{"start":{"line":270,"column":39},"end":{"line":270,"column":77}},"160":{"start":{"line":271,"column":31},"end":{"line":271,"column":77}},"161":{"start":{"line":272,"column":20},"end":{"line":272,"column":44}},"162":{"start":{"line":273,"column":20},"end":{"line":273,"column":65}},"163":{"start":{"line":274,"column":20},"end":{"line":274,"column":26}},"164":{"start":{"line":280,"column":20},"end":{"line":280,"column":40}},"165":{"start":{"line":281,"column":20},"end":{"line":281,"column":26}},"166":{"start":{"line":287,"column":20},"end":{"line":287,"column":47}},"167":{"start":{"line":288,"column":20},"end":{"line":288,"column":26}},"168":{"start":{"line":290,"column":20},"end":{"line":290,"column":47}},"169":{"start":{"line":291,"column":20},"end":{"line":291,"column":26}},"170":{"start":{"line":293,"column":20},"end":{"line":293,"column":52}},"171":{"start":{"line":294,"column":20},"end":{"line":294,"column":26}},"172":{"start":{"line":296,"column":20},"end":{"line":296,"column":52}},"173":{"start":{"line":297,"column":20},"end":{"line":297,"column":26}},"174":{"start":{"line":304,"column":20},"end":{"line":304,"column":42}},"175":{"start":{"line":305,"column":20},"end":{"line":305,"column":26}},"176":{"start":{"line":307,"column":20},"end":{"line":307,"column":42}},"177":{"start":{"line":308,"column":20},"end":{"line":308,"column":26}},"178":{"start":{"line":310,"column":20},"end":{"line":310,"column":42}},"179":{"start":{"line":311,"column":20},"end":{"line":311,"column":26}},"180":{"start":{"line":318,"column":35},"end":{"line":318,"column":72}},"181":{"start":{"line":319,"column":20},"end":{"line":319,"column":60}},"182":{"start":{"line":320,"column":20},"end":{"line":320,"column":26}},"183":{"start":{"line":324,"column":35},"end":{"line":324,"column":72}},"184":{"start":{"line":325,"column":39},"end":{"line":325,"column":77}},"185":{"start":{"line":326,"column":20},"end":{"line":326,"column":81}},"186":{"start":{"line":327,"column":20},"end":{"line":327,"column":26}},"187":{"start":{"line":331,"column":35},"end":{"line":331,"column":72}},"188":{"start":{"line":332,"column":20},"end":{"line":332,"column":59}},"189":{"start":{"line":333,"column":20},"end":{"line":333,"column":26}},"190":{"start":{"line":336,"column":35},"end":{"line":336,"column":72}},"191":{"start":{"line":337,"column":39},"end":{"line":337,"column":77}},"192":{"start":{"line":338,"column":20},"end":{"line":338,"column":80}},"193":{"start":{"line":339,"column":20},"end":{"line":339,"column":26}},"194":{"start":{"line":341,"column":35},"end":{"line":341,"column":72}},"195":{"start":{"line":342,"column":39},"end":{"line":342,"column":77}},"196":{"start":{"line":343,"column":20},"end":{"line":343,"column":83}},"197":{"start":{"line":344,"column":20},"end":{"line":344,"column":26}},"198":{"start":{"line":346,"column":35},"end":{"line":346,"column":72}},"199":{"start":{"line":347,"column":39},"end":{"line":347,"column":77}},"200":{"start":{"line":348,"column":20},"end":{"line":348,"column":83}},"201":{"start":{"line":349,"column":20},"end":{"line":349,"column":26}},"202":{"start":{"line":356,"column":39},"end":{"line":356,"column":76}},"203":{"start":{"line":357,"column":20},"end":{"line":357,"column":67}},"204":{"start":{"line":358,"column":40},"end":{"line":358,"column":77}},"205":{"start":{"line":359,"column":20},"end":{"line":359,"column":69}},"206":{"start":{"line":360,"column":20},"end":{"line":360,"column":61}},"207":{"start":{"line":361,"column":20},"end":{"line":361,"column":59}},"208":{"start":{"line":362,"column":20},"end":{"line":362,"column":26}},"209":{"start":{"line":373,"column":8},"end":{"line":373,"column":24}},"210":{"start":{"line":377,"column":8},"end":{"line":377,"column":26}},"211":{"start":{"line":381,"column":31},"end":{"line":381,"column":71}},"212":{"start":{"line":382,"column":18},"end":{"line":382,"column":68}},"213":{"start":{"line":383,"column":8},"end":{"line":383,"column":19}},"214":{"start":{"line":390,"column":8},"end":{"line":390,"column":35}},"215":{"start":{"line":394,"column":8},"end":{"line":399,"column":9}},"216":{"start":{"line":395,"column":12},"end":{"line":395,"column":27}},"217":{"start":{"line":398,"column":12},"end":{"line":398,"column":28}},"218":{"start":{"line":403,"column":8},"end":{"line":403,"column":35}},"219":{"start":{"line":407,"column":8},"end":{"line":407,"column":61}},"220":{"start":{"line":408,"column":8},"end":{"line":408,"column":57}},"221":{"start":{"line":453,"column":8},"end":{"line":453,"column":36}},"222":{"start":{"line":457,"column":8},"end":{"line":457,"column":26}},"223":{"start":{"line":461,"column":8},"end":{"line":461,"column":35}},"224":{"start":{"line":465,"column":8},"end":{"line":465,"column":35}},"225":{"start":{"line":473,"column":8},"end":{"line":473,"column":25}},"226":{"start":{"line":477,"column":8},"end":{"line":477,"column":25}},"227":{"start":{"line":481,"column":8},"end":{"line":481,"column":45}},"228":{"start":{"line":489,"column":8},"end":{"line":489,"column":32}},"229":{"start":{"line":493,"column":19},"end":{"line":493,"column":48}},"230":{"start":{"line":494,"column":8},"end":{"line":494,"column":36}},"231":{"start":{"line":495,"column":8},"end":{"line":495,"column":45}},"232":{"start":{"line":499,"column":8},"end":{"line":499,"column":45}},"233":{"start":{"line":500,"column":19},"end":{"line":500,"column":48}},"234":{"start":{"line":501,"column":16},"end":{"line":501,"column":36}},"235":{"start":{"line":502,"column":8},"end":{"line":502,"column":17}},"236":{"start":{"line":524,"column":20},"end":{"line":524,"column":51}},"237":{"start":{"line":525,"column":21},"end":{"line":525,"column":58}},"238":{"start":{"line":526,"column":25},"end":{"line":526,"column":59}},"239":{"start":{"line":527,"column":8},"end":{"line":527,"column":42}},"240":{"start":{"line":528,"column":8},"end":{"line":528,"column":34}},"241":{"start":{"line":529,"column":8},"end":{"line":529,"column":22}},"242":{"start":{"line":533,"column":21},"end":{"line":533,"column":50}},"243":{"start":{"line":534,"column":8},"end":{"line":534,"column":34}},"244":{"start":{"line":535,"column":8},"end":{"line":535,"column":22}},"245":{"start":{"line":539,"column":25},"end":{"line":539,"column":53}},"246":{"start":{"line":540,"column":8},"end":{"line":540,"column":42}},"247":{"start":{"line":541,"column":21},"end":{"line":541,"column":46}},"248":{"start":{"line":542,"column":8},"end":{"line":542,"column":34}},"249":{"start":{"line":543,"column":8},"end":{"line":543,"column":22}},"250":{"start":{"line":551,"column":8},"end":{"line":551,"column":33}},"251":{"start":{"line":555,"column":19},"end":{"line":555,"column":36}},"252":{"start":{"line":556,"column":8},"end":{"line":556,"column":53}},"253":{"start":{"line":560,"column":8},"end":{"line":560,"column":33}},"254":{"start":{"line":564,"column":19},"end":{"line":564,"column":36}},"255":{"start":{"line":565,"column":8},"end":{"line":565,"column":53}},"256":{"start":{"line":583,"column":22},"end":{"line":583,"column":62}},"257":{"start":{"line":584,"column":8},"end":{"line":584,"column":39}},"258":{"start":{"line":601,"column":22},"end":{"line":601,"column":47}},"259":{"start":{"line":602,"column":20},"end":{"line":602,"column":43}},"260":{"start":{"line":603,"column":24},"end":{"line":603,"column":62}},"261":{"start":{"line":604,"column":20},"end":{"line":604,"column":45}},"262":{"start":{"line":605,"column":20},"end":{"line":605,"column":47}},"263":{"start":{"line":606,"column":25},"end":{"line":606,"column":61}},"264":{"start":{"line":607,"column":8},"end":{"line":607,"column":38}},"265":{"start":{"line":615,"column":19},"end":{"line":615,"column":42}},"266":{"start":{"line":616,"column":8},"end":{"line":616,"column":45}},"267":{"start":{"line":617,"column":8},"end":{"line":617,"column":20}},"268":{"start":{"line":621,"column":19},"end":{"line":621,"column":42}},"269":{"start":{"line":622,"column":8},"end":{"line":622,"column":45}},"270":{"start":{"line":623,"column":8},"end":{"line":623,"column":45}},"271":{"start":{"line":624,"column":8},"end":{"line":624,"column":20}},"272":{"start":{"line":628,"column":8},"end":{"line":628,"column":37}},"273":{"start":{"line":632,"column":8},"end":{"line":632,"column":42}},"274":{"start":{"line":636,"column":8},"end":{"line":636,"column":33}},"275":{"start":{"line":640,"column":19},"end":{"line":640,"column":44}},"276":{"start":{"line":641,"column":8},"end":{"line":641,"column":36}},"277":{"start":{"line":645,"column":19},"end":{"line":645,"column":59}},"278":{"start":{"line":646,"column":8},"end":{"line":646,"column":36}},"279":{"start":{"line":650,"column":19},"end":{"line":650,"column":43}},"280":{"start":{"line":651,"column":8},"end":{"line":651,"column":36}},"281":{"start":{"line":655,"column":19},"end":{"line":655,"column":58}},"282":{"start":{"line":656,"column":8},"end":{"line":656,"column":36}},"283":{"start":{"line":660,"column":19},"end":{"line":660,"column":61}},"284":{"start":{"line":661,"column":8},"end":{"line":661,"column":36}},"285":{"start":{"line":665,"column":19},"end":{"line":665,"column":61}},"286":{"start":{"line":666,"column":8},"end":{"line":666,"column":36}},"287":{"start":{"line":674,"column":8},"end":{"line":674,"column":36}},"288":{"start":{"line":678,"column":8},"end":{"line":678,"column":30}},"289":{"start":{"line":682,"column":19},"end":{"line":682,"column":44}},"290":{"start":{"line":683,"column":8},"end":{"line":683,"column":46}},"291":{"start":{"line":687,"column":19},"end":{"line":687,"column":63}},"292":{"start":{"line":688,"column":8},"end":{"line":688,"column":46}},"293":{"start":{"line":692,"column":19},"end":{"line":692,"column":43}},"294":{"start":{"line":693,"column":8},"end":{"line":693,"column":46}},"295":{"start":{"line":697,"column":19},"end":{"line":697,"column":62}},"296":{"start":{"line":698,"column":8},"end":{"line":698,"column":46}},"297":{"start":{"line":702,"column":19},"end":{"line":702,"column":65}},"298":{"start":{"line":703,"column":8},"end":{"line":703,"column":46}},"299":{"start":{"line":707,"column":19},"end":{"line":707,"column":65}},"300":{"start":{"line":708,"column":8},"end":{"line":708,"column":46}},"301":{"start":{"line":712,"column":0},"end":{"line":712,"column":21}}},"fnMap":{"0":{"name":"(anonymous_0)","decl":{"start":{"line":10,"column":4},"end":{"line":10,"column":5}},"loc":{"start":{"line":10,"column":28},"end":{"line":10,"column":48}},"line":10},"1":{"name":"(anonymous_1)","decl":{"start":{"line":11,"column":4},"end":{"line":11,"column":5}},"loc":{"start":{"line":11,"column":29},"end":{"line":11,"column":62}},"line":11},"2":{"name":"(anonymous_2)","decl":{"start":{"line":14,"column":4},"end":{"line":14,"column":5}},"loc":{"start":{"line":14,"column":28},"end":{"line":14,"column":48}},"line":14},"3":{"name":"(anonymous_3)","decl":{"start":{"line":15,"column":4},"end":{"line":15,"column":5}},"loc":{"start":{"line":15,"column":29},"end":{"line":15,"column":62}},"line":15},"4":{"name":"(anonymous_4)","decl":{"start":{"line":18,"column":4},"end":{"line":18,"column":5}},"loc":{"start":{"line":18,"column":27},"end":{"line":18,"column":46}},"line":18},"5":{"name":"(anonymous_5)","decl":{"start":{"line":19,"column":4},"end":{"line":19,"column":5}},"loc":{"start":{"line":19,"column":28},"end":{"line":19,"column":60}},"line":19},"6":{"name":"(anonymous_6)","decl":{"start":{"line":22,"column":4},"end":{"line":22,"column":5}},"loc":{"start":{"line":22,"column":27},"end":{"line":22,"column":46}},"line":22},"7":{"name":"(anonymous_7)","decl":{"start":{"line":23,"column":4},"end":{"line":23,"column":5}},"loc":{"start":{"line":23,"column":28},"end":{"line":23,"column":60}},"line":23},"8":{"name":"(anonymous_8)","decl":{"start":{"line":26,"column":4},"end":{"line":26,"column":5}},"loc":{"start":{"line":26,"column":27},"end":{"line":26,"column":46}},"line":26},"9":{"name":"(anonymous_9)","decl":{"start":{"line":27,"column":4},"end":{"line":27,"column":5}},"loc":{"start":{"line":27,"column":28},"end":{"line":27,"column":60}},"line":27},"10":{"name":"(anonymous_10)","decl":{"start":{"line":30,"column":4},"end":{"line":30,"column":5}},"loc":{"start":{"line":30,"column":27},"end":{"line":30,"column":46}},"line":30},"11":{"name":"(anonymous_11)","decl":{"start":{"line":31,"column":4},"end":{"line":31,"column":5}},"loc":{"start":{"line":31,"column":28},"end":{"line":31,"column":60}},"line":31},"12":{"name":"(anonymous_12)","decl":{"start":{"line":35,"column":4},"end":{"line":35,"column":5}},"loc":{"start":{"line":35,"column":39},"end":{"line":43,"column":5}},"line":35},"13":{"name":"(anonymous_13)","decl":{"start":{"line":45,"column":4},"end":{"line":45,"column":5}},"loc":{"start":{"line":45,"column":21},"end":{"line":367,"column":5}},"line":45},"14":{"name":"(anonymous_14)","decl":{"start":{"line":372,"column":4},"end":{"line":372,"column":5}},"loc":{"start":{"line":372,"column":41},"end":{"line":374,"column":5}},"line":372},"15":{"name":"(anonymous_15)","decl":{"start":{"line":376,"column":4},"end":{"line":376,"column":5}},"loc":{"start":{"line":376,"column":41},"end":{"line":378,"column":5}},"line":376},"16":{"name":"(anonymous_16)","decl":{"start":{"line":380,"column":4},"end":{"line":380,"column":5}},"loc":{"start":{"line":380,"column":104},"end":{"line":384,"column":5}},"line":380},"17":{"name":"(anonymous_17)","decl":{"start":{"line":389,"column":4},"end":{"line":389,"column":5}},"loc":{"start":{"line":389,"column":45},"end":{"line":391,"column":5}},"line":389},"18":{"name":"(anonymous_18)","decl":{"start":{"line":393,"column":4},"end":{"line":393,"column":5}},"loc":{"start":{"line":393,"column":54},"end":{"line":400,"column":5}},"line":393},"19":{"name":"(anonymous_19)","decl":{"start":{"line":402,"column":4},"end":{"line":402,"column":5}},"loc":{"start":{"line":402,"column":36},"end":{"line":404,"column":5}},"line":402},"20":{"name":"(anonymous_20)","decl":{"start":{"line":406,"column":4},"end":{"line":406,"column":5}},"loc":{"start":{"line":406,"column":40},"end":{"line":409,"column":5}},"line":406},"21":{"name":"(anonymous_21)","decl":{"start":{"line":452,"column":4},"end":{"line":452,"column":5}},"loc":{"start":{"line":452,"column":53},"end":{"line":454,"column":5}},"line":452},"22":{"name":"(anonymous_22)","decl":{"start":{"line":456,"column":4},"end":{"line":456,"column":5}},"loc":{"start":{"line":456,"column":49},"end":{"line":458,"column":5}},"line":456},"23":{"name":"(anonymous_23)","decl":{"start":{"line":460,"column":4},"end":{"line":460,"column":5}},"loc":{"start":{"line":460,"column":71},"end":{"line":462,"column":5}},"line":460},"24":{"name":"(anonymous_24)","decl":{"start":{"line":464,"column":4},"end":{"line":464,"column":5}},"loc":{"start":{"line":464,"column":72},"end":{"line":466,"column":5}},"line":464},"25":{"name":"(anonymous_25)","decl":{"start":{"line":472,"column":4},"end":{"line":472,"column":5}},"loc":{"start":{"line":472,"column":48},"end":{"line":474,"column":5}},"line":472},"26":{"name":"(anonymous_26)","decl":{"start":{"line":476,"column":4},"end":{"line":476,"column":5}},"loc":{"start":{"line":476,"column":48},"end":{"line":478,"column":5}},"line":476},"27":{"name":"(anonymous_27)","decl":{"start":{"line":480,"column":4},"end":{"line":480,"column":5}},"loc":{"start":{"line":480,"column":26},"end":{"line":482,"column":5}},"line":480},"28":{"name":"(anonymous_28)","decl":{"start":{"line":488,"column":4},"end":{"line":488,"column":5}},"loc":{"start":{"line":488,"column":36},"end":{"line":490,"column":5}},"line":488},"29":{"name":"(anonymous_29)","decl":{"start":{"line":492,"column":4},"end":{"line":492,"column":5}},"loc":{"start":{"line":492,"column":39},"end":{"line":496,"column":5}},"line":492},"30":{"name":"(anonymous_30)","decl":{"start":{"line":498,"column":4},"end":{"line":498,"column":5}},"loc":{"start":{"line":498,"column":37},"end":{"line":503,"column":5}},"line":498},"31":{"name":"(anonymous_31)","decl":{"start":{"line":523,"column":4},"end":{"line":523,"column":5}},"loc":{"start":{"line":523,"column":54},"end":{"line":530,"column":5}},"line":523},"32":{"name":"(anonymous_32)","decl":{"start":{"line":532,"column":4},"end":{"line":532,"column":5}},"loc":{"start":{"line":532,"column":51},"end":{"line":536,"column":5}},"line":532},"33":{"name":"(anonymous_33)","decl":{"start":{"line":538,"column":4},"end":{"line":538,"column":5}},"loc":{"start":{"line":538,"column":35},"end":{"line":544,"column":5}},"line":538},"34":{"name":"(anonymous_34)","decl":{"start":{"line":550,"column":4},"end":{"line":550,"column":5}},"loc":{"start":{"line":550,"column":32},"end":{"line":552,"column":5}},"line":550},"35":{"name":"(anonymous_35)","decl":{"start":{"line":554,"column":4},"end":{"line":554,"column":5}},"loc":{"start":{"line":554,"column":55},"end":{"line":557,"column":5}},"line":554},"36":{"name":"(anonymous_36)","decl":{"start":{"line":559,"column":4},"end":{"line":559,"column":5}},"loc":{"start":{"line":559,"column":31},"end":{"line":561,"column":5}},"line":559},"37":{"name":"(anonymous_37)","decl":{"start":{"line":563,"column":4},"end":{"line":563,"column":5}},"loc":{"start":{"line":563,"column":54},"end":{"line":566,"column":5}},"line":563},"38":{"name":"(anonymous_38)","decl":{"start":{"line":582,"column":4},"end":{"line":582,"column":5}},"loc":{"start":{"line":582,"column":57},"end":{"line":585,"column":5}},"line":582},"39":{"name":"(anonymous_39)","decl":{"start":{"line":600,"column":4},"end":{"line":600,"column":5}},"loc":{"start":{"line":600,"column":57},"end":{"line":608,"column":5}},"line":600},"40":{"name":"(anonymous_40)","decl":{"start":{"line":614,"column":4},"end":{"line":614,"column":5}},"loc":{"start":{"line":614,"column":33},"end":{"line":618,"column":5}},"line":614},"41":{"name":"(anonymous_41)","decl":{"start":{"line":620,"column":4},"end":{"line":620,"column":5}},"loc":{"start":{"line":620,"column":33},"end":{"line":625,"column":5}},"line":620},"42":{"name":"(anonymous_42)","decl":{"start":{"line":627,"column":4},"end":{"line":627,"column":5}},"loc":{"start":{"line":627,"column":44},"end":{"line":629,"column":5}},"line":627},"43":{"name":"(anonymous_43)","decl":{"start":{"line":631,"column":4},"end":{"line":631,"column":5}},"loc":{"start":{"line":631,"column":44},"end":{"line":633,"column":5}},"line":631},"44":{"name":"(anonymous_44)","decl":{"start":{"line":635,"column":4},"end":{"line":635,"column":5}},"loc":{"start":{"line":635,"column":32},"end":{"line":637,"column":5}},"line":635},"45":{"name":"(anonymous_45)","decl":{"start":{"line":639,"column":4},"end":{"line":639,"column":5}},"loc":{"start":{"line":639,"column":37},"end":{"line":642,"column":5}},"line":639},"46":{"name":"(anonymous_46)","decl":{"start":{"line":644,"column":4},"end":{"line":644,"column":5}},"loc":{"start":{"line":644,"column":60},"end":{"line":647,"column":5}},"line":644},"47":{"name":"(anonymous_47)","decl":{"start":{"line":649,"column":4},"end":{"line":649,"column":5}},"loc":{"start":{"line":649,"column":31},"end":{"line":652,"column":5}},"line":649},"48":{"name":"(anonymous_48)","decl":{"start":{"line":654,"column":4},"end":{"line":654,"column":5}},"loc":{"start":{"line":654,"column":50},"end":{"line":657,"column":5}},"line":654},"49":{"name":"(anonymous_49)","decl":{"start":{"line":659,"column":4},"end":{"line":659,"column":5}},"loc":{"start":{"line":659,"column":57},"end":{"line":662,"column":5}},"line":659},"50":{"name":"(anonymous_50)","decl":{"start":{"line":664,"column":4},"end":{"line":664,"column":5}},"loc":{"start":{"line":664,"column":57},"end":{"line":667,"column":5}},"line":664},"51":{"name":"(anonymous_51)","decl":{"start":{"line":673,"column":4},"end":{"line":673,"column":5}},"loc":{"start":{"line":673,"column":50},"end":{"line":675,"column":5}},"line":673},"52":{"name":"(anonymous_52)","decl":{"start":{"line":677,"column":4},"end":{"line":677,"column":5}},"loc":{"start":{"line":677,"column":67},"end":{"line":679,"column":5}},"line":677},"53":{"name":"(anonymous_53)","decl":{"start":{"line":681,"column":4},"end":{"line":681,"column":5}},"loc":{"start":{"line":681,"column":54},"end":{"line":684,"column":5}},"line":681},"54":{"name":"(anonymous_54)","decl":{"start":{"line":686,"column":4},"end":{"line":686,"column":5}},"loc":{"start":{"line":686,"column":83},"end":{"line":689,"column":5}},"line":686},"55":{"name":"(anonymous_55)","decl":{"start":{"line":691,"column":4},"end":{"line":691,"column":5}},"loc":{"start":{"line":691,"column":54},"end":{"line":694,"column":5}},"line":691},"56":{"name":"(anonymous_56)","decl":{"start":{"line":696,"column":4},"end":{"line":696,"column":5}},"loc":{"start":{"line":696,"column":83},"end":{"line":699,"column":5}},"line":696},"57":{"name":"(anonymous_57)","decl":{"start":{"line":701,"column":4},"end":{"line":701,"column":5}},"loc":{"start":{"line":701,"column":86},"end":{"line":704,"column":5}},"line":701},"58":{"name":"(anonymous_58)","decl":{"start":{"line":706,"column":4},"end":{"line":706,"column":5}},"loc":{"start":{"line":706,"column":86},"end":{"line":709,"column":5}},"line":706}},"branchMap":{"0":{"loc":{"start":{"line":49,"column":12},"end":{"line":365,"column":13}},"type":"switch","locations":[{"start":{"line":53,"column":16},"end":{"line":57,"column":26}},{"start":{"line":58,"column":16},"end":{"line":62,"column":26}},{"start":{"line":63,"column":16},"end":{"line":67,"column":26}},{"start":{"line":68,"column":16},"end":{"line":72,"column":26}},{"start":{"line":73,"column":16},"end":{"line":73,"column":42}},{"start":{"line":74,"column":16},"end":{"line":79,"column":26}},{"start":{"line":80,"column":16},"end":{"line":85,"column":26}},{"start":{"line":86,"column":16},"end":{"line":91,"column":26}},{"start":{"line":95,"column":16},"end":{"line":99,"column":26}},{"start":{"line":100,"column":16},"end":{"line":104,"column":26}},{"start":{"line":105,"column":16},"end":{"line":109,"column":26}},{"start":{"line":110,"column":16},"end":{"line":114,"column":26}},{"start":{"line":115,"column":16},"end":{"line":115,"column":42}},{"start":{"line":116,"column":16},"end":{"line":121,"column":26}},{"start":{"line":122,"column":16},"end":{"line":127,"column":26}},{"start":{"line":128,"column":16},"end":{"line":133,"column":26}},{"start":{"line":135,"column":16},"end":{"line":137,"column":26}},{"start":{"line":138,"column":16},"end":{"line":143,"column":26}},{"start":{"line":144,"column":16},"end":{"line":150,"column":26}},{"start":{"line":151,"column":16},"end":{"line":156,"column":26}},{"start":{"line":157,"column":16},"end":{"line":163,"column":26}},{"start":{"line":172,"column":16},"end":{"line":175,"column":26}},{"start":{"line":178,"column":16},"end":{"line":180,"column":26}},{"start":{"line":181,"column":16},"end":{"line":183,"column":26}},{"start":{"line":184,"column":16},"end":{"line":186,"column":26}},{"start":{"line":187,"column":16},"end":{"line":189,"column":26}},{"start":{"line":195,"column":16},"end":{"line":195,"column":37}},{"start":{"line":196,"column":16},"end":{"line":200,"column":26}},{"start":{"line":207,"column":16},"end":{"line":207,"column":37}},{"start":{"line":208,"column":16},"end":{"line":212,"column":26}},{"start":{"line":218,"column":16},"end":{"line":218,"column":40}},{"start":{"line":219,"column":16},"end":{"line":219,"column":40}},{"start":{"line":220,"column":16},"end":{"line":225,"column":26}},{"start":{"line":226,"column":16},"end":{"line":226,"column":40}},{"start":{"line":227,"column":16},"end":{"line":227,"column":40}},{"start":{"line":228,"column":16},"end":{"line":233,"column":26}},{"start":{"line":234,"column":16},"end":{"line":234,"column":41}},{"start":{"line":235,"column":16},"end":{"line":235,"column":41}},{"start":{"line":236,"column":16},"end":{"line":242,"column":26}},{"start":{"line":243,"column":16},"end":{"line":243,"column":41}},{"start":{"line":244,"column":16},"end":{"line":244,"column":41}},{"start":{"line":245,"column":16},"end":{"line":250,"column":26}},{"start":{"line":251,"column":16},"end":{"line":251,"column":42}},{"start":{"line":252,"column":16},"end":{"line":252,"column":42}},{"start":{"line":253,"column":16},"end":{"line":253,"column":42}},{"start":{"line":254,"column":16},"end":{"line":260,"column":26}},{"start":{"line":261,"column":16},"end":{"line":267,"column":26}},{"start":{"line":268,"column":16},"end":{"line":274,"column":26}},{"start":{"line":279,"column":16},"end":{"line":281,"column":26}},{"start":{"line":286,"column":16},"end":{"line":288,"column":26}},{"start":{"line":289,"column":16},"end":{"line":291,"column":26}},{"start":{"line":292,"column":16},"end":{"line":294,"column":26}},{"start":{"line":295,"column":16},"end":{"line":297,"column":26}},{"start":{"line":303,"column":16},"end":{"line":305,"column":26}},{"start":{"line":306,"column":16},"end":{"line":308,"column":26}},{"start":{"line":309,"column":16},"end":{"line":311,"column":26}},{"start":{"line":315,"column":16},"end":{"line":315,"column":40}},{"start":{"line":316,"column":16},"end":{"line":316,"column":40}},{"start":{"line":317,"column":16},"end":{"line":320,"column":26}},{"start":{"line":321,"column":16},"end":{"line":321,"column":41}},{"start":{"line":322,"column":16},"end":{"line":322,"column":41}},{"start":{"line":323,"column":16},"end":{"line":327,"column":26}},{"start":{"line":328,"column":16},"end":{"line":328,"column":41}},{"start":{"line":329,"column":16},"end":{"line":329,"column":41}},{"start":{"line":330,"column":16},"end":{"line":333,"column":26}},{"start":{"line":334,"column":16},"end":{"line":334,"column":42}},{"start":{"line":335,"column":16},"end":{"line":339,"column":26}},{"start":{"line":340,"column":16},"end":{"line":344,"column":26}},{"start":{"line":345,"column":16},"end":{"line":349,"column":26}},{"start":{"line":350,"column":16},"end":{"line":350,"column":37}},{"start":{"line":351,"column":16},"end":{"line":351,"column":37}},{"start":{"line":352,"column":16},"end":{"line":352,"column":37}},{"start":{"line":353,"column":16},"end":{"line":353,"column":37}},{"start":{"line":354,"column":16},"end":{"line":354,"column":37}},{"start":{"line":355,"column":16},"end":{"line":362,"column":26}}],"line":49},"1":{"loc":{"start":{"line":357,"column":36},"end":{"line":357,"column":66}},"type":"cond-expr","locations":[{"start":{"line":357,"column":58},"end":{"line":357,"column":61}},{"start":{"line":357,"column":64},"end":{"line":357,"column":66}}],"line":357},"2":{"loc":{"start":{"line":359,"column":37},"end":{"line":359,"column":68}},"type":"cond-expr","locations":[{"start":{"line":359,"column":60},"end":{"line":359,"column":63}},{"start":{"line":359,"column":66},"end":{"line":359,"column":68}}],"line":359},"3":{"loc":{"start":{"line":380,"column":71},"end":{"line":380,"column":94}},"type":"default-arg","locations":[{"start":{"line":380,"column":93},"end":{"line":380,"column":94}}],"line":380},"4":{"loc":{"start":{"line":393,"column":34},"end":{"line":393,"column":53}},"type":"default-arg","locations":[{"start":{"line":393,"column":49},"end":{"line":393,"column":53}}],"line":393},"5":{"loc":{"start":{"line":394,"column":8},"end":{"line":399,"column":9}},"type":"if","locations":[{"start":{"line":394,"column":8},"end":{"line":399,"column":9}},{"start":{"line":394,"column":8},"end":{"line":399,"column":9}}],"line":394},"6":{"loc":{"start":{"line":524,"column":20},"end":{"line":524,"column":51}},"type":"cond-expr","locations":[{"start":{"line":524,"column":46},"end":{"line":524,"column":47}},{"start":{"line":524,"column":50},"end":{"line":524,"column":51}}],"line":524},"7":{"loc":{"start":{"line":604,"column":20},"end":{"line":604,"column":45}},"type":"cond-expr","locations":[{"start":{"line":604,"column":40},"end":{"line":604,"column":41}},{"start":{"line":604,"column":44},"end":{"line":604,"column":45}}],"line":604}},"s":{"0":921585,"1":307453,"2":22,"3":102,"4":66,"5":159,"6":42,"7":128,"8":32,"9":122,"10":1229,"11":763,"12":93,"13":93,"14":93,"15":93,"16":93,"17":93,"18":93,"19":75,"20":307123,"21":307123,"22":2,"23":2,"24":2,"25":2,"26":1,"27":1,"28":1,"29":1,"30":1,"31":1,"32":1,"33":1,"34":1,"35":1,"36":1,"37":1,"38":2,"39":2,"40":2,"41":2,"42":2,"43":1,"44":1,"45":1,"46":1,"47":1,"48":1,"49":1,"50":1,"51":1,"52":1,"53":1,"54":1,"55":1,"56":1,"57":1,"58":1,"59":1,"60":1,"61":1,"62":1,"63":1,"64":1,"65":1,"66":1,"67":1,"68":1,"69":2,"70":2,"71":2,"72":2,"73":2,"74":1,"75":1,"76":1,"77":1,"78":1,"79":1,"80":1,"81":1,"82":1,"83":1,"84":2,"85":2,"86":1,"87":1,"88":1,"89":1,"90":1,"91":1,"92":1,"93":1,"94":1,"95":1,"96":1,"97":1,"98":1,"99":1,"100":1,"101":1,"102":1,"103":1,"104":1,"105":1,"106":1,"107":1,"108":307038,"109":2,"110":2,"111":2,"112":2,"113":2,"114":2,"115":2,"116":2,"117":2,"118":2,"119":2,"120":2,"121":2,"122":2,"123":2,"124":2,"125":5,"126":5,"127":5,"128":5,"129":5,"130":3,"131":3,"132":3,"133":3,"134":3,"135":3,"136":3,"137":3,"138":3,"139":3,"140":3,"141":3,"142":3,"143":3,"144":3,"145":3,"146":4,"147":4,"148":4,"149":4,"150":4,"151":4,"152":1,"153":1,"154":1,"155":1,"156":1,"157":1,"158":2,"159":2,"160":2,"161":2,"162":2,"163":2,"164":1,"165":1,"166":2,"167":2,"168":2,"169":2,"170":1,"171":1,"172":1,"173":1,"174":1,"175":1,"176":1,"177":1,"178":1,"179":1,"180":1,"181":1,"182":1,"183":3,"184":3,"185":3,"186":3,"187":5,"188":5,"189":5,"190":1,"191":1,"192":1,"193":1,"194":1,"195":1,"196":1,"197":1,"198":2,"199":2,"200":2,"201":2,"202":6,"203":6,"204":6,"205":6,"206":6,"207":6,"208":6,"209":1317,"210":307470,"211":77,"212":77,"213":77,"214":556,"215":667,"216":158,"217":509,"218":8,"219":54,"220":54,"221":316,"222":310,"223":13,"224":2,"225":6,"226":307206,"227":1,"228":6,"229":4,"230":4,"231":4,"232":2,"233":2,"234":2,"235":2,"236":9,"237":9,"238":9,"239":9,"240":9,"241":9,"242":8,"243":8,"244":8,"245":6,"246":6,"247":6,"248":6,"249":6,"250":13,"251":13,"252":13,"253":11,"254":10,"255":10,"256":4,"257":4,"258":6,"259":6,"260":6,"261":6,"262":6,"263":6,"264":6,"265":307157,"266":307157,"267":307157,"268":22,"269":22,"270":22,"271":22,"272":307215,"273":28,"274":8,"275":6,"276":6,"277":6,"278":6,"279":6,"280":6,"281":9,"282":9,"283":3,"284":3,"285":4,"286":4,"287":75,"288":21,"289":1,"290":1,"291":3,"292":3,"293":5,"294":5,"295":1,"296":1,"297":1,"298":1,"299":2,"300":2,"301":1},"f":{"0":921585,"1":307453,"2":22,"3":102,"4":66,"5":159,"6":42,"7":128,"8":32,"9":122,"10":1229,"11":763,"12":93,"13":75,"14":1317,"15":307470,"16":77,"17":556,"18":667,"19":8,"20":54,"21":316,"22":310,"23":13,"24":2,"25":6,"26":307206,"27":1,"28":6,"29":4,"30":2,"31":9,"32":8,"33":6,"34":13,"35":13,"36":11,"37":10,"38":4,"39":6,"40":307157,"41":22,"42":307215,"43":28,"44":8,"45":6,"46":6,"47":6,"48":9,"49":3,"50":4,"51":75,"52":21,"53":1,"54":3,"55":5,"56":1,"57":1,"58":2},"b":{"0":[2,1,1,1,1,2,1,1,1,1,1,1,1,2,1,1,2,1,1,1,1,307038,2,2,2,2,1,2,1,2,3,4,5,1,2,3,1,2,3,1,2,3,1,2,3,4,1,2,1,2,2,1,1,1,1,1,1,1,1,1,2,3,1,3,5,1,1,1,2,1,2,3,4,5,6],"1":[1,5],"2":[1,5],"3":[77],"4":[15],"5":[158,509],"6":[2,7],"7":[4,2]},"_coverageSchema":"1a1c01bbd47fc00a2c39e90264f33305004495a9","hash":"e57cc16689970f2dbe918cee57590e08f4415336"}
,"P:\\04_Computer_Science\\MOS6502\\js\\flag.ts": {"path":"P:\\04_Computer_Science\\MOS6502\\js\\flag.ts","statementMap":{"0":{"start":{"line":11,"column":0},"end":{"line":11,"column":20}},"1":{"start":{"line":12,"column":0},"end":{"line":12,"column":22}}},"fnMap":{},"branchMap":{},"s":{"0":1,"1":1},"f":{},"b":{},"_coverageSchema":"1a1c01bbd47fc00a2c39e90264f33305004495a9","hash":"c8ef4f3bbf8016bd91057c2992725f664498a219"}
,"P:\\04_Computer_Science\\MOS6502\\js\\instruction.ts": {"path":"P:\\04_Computer_Science\\MOS6502\\js\\instruction.ts","statementMap":{"0":{"start":{"line":107,"column":0},"end":{"line":107,"column":27}},"1":{"start":{"line":108,"column":0},"end":{"line":108,"column":29}}},"fnMap":{},"branchMap":{},"s":{"0":1,"1":1},"f":{},"b":{},"_coverageSchema":"1a1c01bbd47fc00a2c39e90264f33305004495a9","hash":"1335d914d4d07f3e0dbea7f1cce05ac57804a490"}
,"P:\\04_Computer_Science\\MOS6502\\js\\memory.ts": {"path":"P:\\04_Computer_Science\\MOS6502\\js\\memory.ts","statementMap":{"0":{"start":{"line":7,"column":8},"end":{"line":7,"column":33}},"1":{"start":{"line":8,"column":8},"end":{"line":8,"column":49}},"2":{"start":{"line":11,"column":8},"end":{"line":15,"column":9}},"3":{"start":{"line":11,"column":20},"end":{"line":11,"column":21}},"4":{"start":{"line":13,"column":12},"end":{"line":13,"column":29}},"5":{"start":{"line":19,"column":8},"end":{"line":19,"column":31}},"6":{"start":{"line":27,"column":8},"end":{"line":27,"column":32}},"7":{"start":{"line":41,"column":8},"end":{"line":41,"column":58}},"8":{"start":{"line":54,"column":8},"end":{"line":56,"column":9}},"9":{"start":{"line":54,"column":20},"end":{"line":54,"column":21}},"10":{"start":{"line":55,"column":12},"end":{"line":55,"column":41}},"11":{"start":{"line":60,"column":0},"end":{"line":60,"column":23}}},"fnMap":{"0":{"name":"(anonymous_0)","decl":{"start":{"line":5,"column":4},"end":{"line":5,"column":5}},"loc":{"start":{"line":5,"column":46},"end":{"line":16,"column":5}},"line":5},"1":{"name":"(anonymous_1)","decl":{"start":{"line":18,"column":4},"end":{"line":18,"column":5}},"loc":{"start":{"line":18,"column":30},"end":{"line":20,"column":5}},"line":18},"2":{"name":"(anonymous_2)","decl":{"start":{"line":26,"column":4},"end":{"line":26,"column":5}},"loc":{"start":{"line":26,"column":37},"end":{"line":28,"column":5}},"line":26},"3":{"name":"(anonymous_3)","decl":{"start":{"line":30,"column":4},"end":{"line":30,"column":5}},"loc":{"start":{"line":30,"column":27},"end":{"line":42,"column":5}},"line":30},"4":{"name":"(anonymous_4)","decl":{"start":{"line":53,"column":4},"end":{"line":53,"column":5}},"loc":{"start":{"line":53,"column":47},"end":{"line":57,"column":5}},"line":53}},"branchMap":{"0":{"loc":{"start":{"line":5,"column":16},"end":{"line":5,"column":45}},"type":"default-arg","locations":[{"start":{"line":5,"column":40},"end":{"line":5,"column":45}}],"line":5}},"s":{"0":93,"1":93,"2":93,"3":93,"4":6094848,"5":307287,"6":241,"7":28,"8":78,"9":78,"10":166,"11":1},"f":{"0":93,"1":307287,"2":241,"3":28,"4":78},"b":{"0":[93]},"_coverageSchema":"1a1c01bbd47fc00a2c39e90264f33305004495a9","hash":"2584fcb8a8135e6be30a2028d6abe17908d22263"}
,"P:\\04_Computer_Science\\MOS6502\\js\\register.ts": {"path":"P:\\04_Computer_Science\\MOS6502\\js\\register.ts","statementMap":{"0":{"start":{"line":8,"column":0},"end":{"line":8,"column":24}},"1":{"start":{"line":9,"column":0},"end":{"line":9,"column":26}}},"fnMap":{},"branchMap":{},"s":{"0":1,"1":1},"f":{},"b":{},"_coverageSchema":"1a1c01bbd47fc00a2c39e90264f33305004495a9","hash":"507d8d6abccc573482b33dbd5b4a4b9b98d139a4"}
}
