TN:
SF:js\cpu.ts
FN:10,(anonymous_0)
FN:11,(anonymous_1)
FN:14,(anonymous_2)
FN:15,(anonymous_3)
FN:18,(anonymous_4)
FN:19,(anonymous_5)
FN:22,(anonymous_6)
FN:23,(anonymous_7)
FN:26,(anonymous_8)
FN:27,(anonymous_9)
FN:30,(anonymous_10)
FN:31,(anonymous_11)
FN:35,(anonymous_12)
FN:45,(anonymous_13)
FN:372,(anonymous_14)
FN:376,(anonymous_15)
FN:380,(anonymous_16)
FN:389,(anonymous_17)
FN:393,(anonymous_18)
FN:402,(anonymous_19)
FN:406,(anonymous_20)
FN:452,(anonymous_21)
FN:456,(anonymous_22)
FN:460,(anonymous_23)
FN:464,(anonymous_24)
FN:472,(anonymous_25)
FN:476,(anonymous_26)
FN:480,(anonymous_27)
FN:488,(anonymous_28)
FN:492,(anonymous_29)
FN:498,(anonymous_30)
FN:523,(anonymous_31)
FN:532,(anonymous_32)
FN:538,(anonymous_33)
FN:550,(anonymous_34)
FN:554,(anonymous_35)
FN:559,(anonymous_36)
FN:563,(anonymous_37)
FN:582,(anonymous_38)
FN:600,(anonymous_39)
FN:614,(anonymous_40)
FN:620,(anonymous_41)
FN:627,(anonymous_42)
FN:631,(anonymous_43)
FN:635,(anonymous_44)
FN:639,(anonymous_45)
FN:644,(anonymous_46)
FN:649,(anonymous_47)
FN:654,(anonymous_48)
FN:659,(anonymous_49)
FN:664,(anonymous_50)
FN:673,(anonymous_51)
FN:677,(anonymous_52)
FN:681,(anonymous_53)
FN:686,(anonymous_54)
FN:691,(anonymous_55)
FN:696,(anonymous_56)
FN:701,(anonymous_57)
FN:706,(anonymous_58)
FNF:59
FNH:59
FNDA:921585,(anonymous_0)
FNDA:307453,(anonymous_1)
FNDA:22,(anonymous_2)
FNDA:102,(anonymous_3)
FNDA:66,(anonymous_4)
FNDA:159,(anonymous_5)
FNDA:42,(anonymous_6)
FNDA:128,(anonymous_7)
FNDA:32,(anonymous_8)
FNDA:122,(anonymous_9)
FNDA:1229,(anonymous_10)
FNDA:763,(anonymous_11)
FNDA:93,(anonymous_12)
FNDA:75,(anonymous_13)
FNDA:1317,(anonymous_14)
FNDA:307470,(anonymous_15)
FNDA:77,(anonymous_16)
FNDA:556,(anonymous_17)
FNDA:667,(anonymous_18)
FNDA:8,(anonymous_19)
FNDA:54,(anonymous_20)
FNDA:316,(anonymous_21)
FNDA:310,(anonymous_22)
FNDA:13,(anonymous_23)
FNDA:2,(anonymous_24)
FNDA:6,(anonymous_25)
FNDA:307206,(anonymous_26)
FNDA:1,(anonymous_27)
FNDA:6,(anonymous_28)
FNDA:4,(anonymous_29)
FNDA:2,(anonymous_30)
FNDA:9,(anonymous_31)
FNDA:8,(anonymous_32)
FNDA:6,(anonymous_33)
FNDA:13,(anonymous_34)
FNDA:13,(anonymous_35)
FNDA:11,(anonymous_36)
FNDA:10,(anonymous_37)
FNDA:4,(anonymous_38)
FNDA:6,(anonymous_39)
FNDA:307157,(anonymous_40)
FNDA:22,(anonymous_41)
FNDA:307215,(anonymous_42)
FNDA:28,(anonymous_43)
FNDA:8,(anonymous_44)
FNDA:6,(anonymous_45)
FNDA:6,(anonymous_46)
FNDA:6,(anonymous_47)
FNDA:9,(anonymous_48)
FNDA:3,(anonymous_49)
FNDA:4,(anonymous_50)
FNDA:75,(anonymous_51)
FNDA:21,(anonymous_52)
FNDA:1,(anonymous_53)
FNDA:3,(anonymous_54)
FNDA:5,(anonymous_55)
FNDA:1,(anonymous_56)
FNDA:1,(anonymous_57)
FNDA:2,(anonymous_58)
DA:10,921585
DA:11,307453
DA:14,22
DA:15,102
DA:18,66
DA:19,159
DA:22,42
DA:23,128
DA:26,32
DA:27,122
DA:30,1229
DA:31,763
DA:36,93
DA:37,93
DA:38,93
DA:39,93
DA:40,93
DA:41,93
DA:42,93
DA:47,75
DA:48,307123
DA:49,307123
DA:54,2
DA:55,2
DA:56,2
DA:57,2
DA:59,1
DA:60,1
DA:61,1
DA:62,1
DA:64,1
DA:65,1
DA:66,1
DA:67,1
DA:69,1
DA:70,1
DA:71,1
DA:72,1
DA:75,2
DA:76,2
DA:77,2
DA:78,2
DA:79,2
DA:81,1
DA:82,1
DA:83,1
DA:84,1
DA:85,1
DA:87,1
DA:88,1
DA:89,1
DA:90,1
DA:91,1
DA:96,1
DA:97,1
DA:98,1
DA:99,1
DA:101,1
DA:102,1
DA:103,1
DA:104,1
DA:106,1
DA:107,1
DA:108,1
DA:109,1
DA:111,1
DA:112,1
DA:113,1
DA:114,1
DA:117,2
DA:118,2
DA:119,2
DA:120,2
DA:121,2
DA:123,1
DA:124,1
DA:125,1
DA:126,1
DA:127,1
DA:129,1
DA:130,1
DA:131,1
DA:132,1
DA:133,1
DA:136,2
DA:137,2
DA:139,1
DA:140,1
DA:141,1
DA:142,1
DA:143,1
DA:145,1
DA:146,1
DA:147,1
DA:148,1
DA:149,1
DA:150,1
DA:152,1
DA:153,1
DA:154,1
DA:155,1
DA:156,1
DA:158,1
DA:159,1
DA:160,1
DA:161,1
DA:162,1
DA:163,1
DA:175,307038
DA:179,2
DA:180,2
DA:182,2
DA:183,2
DA:185,2
DA:186,2
DA:188,2
DA:189,2
DA:197,2
DA:198,2
DA:199,2
DA:200,2
DA:209,2
DA:210,2
DA:211,2
DA:212,2
DA:221,5
DA:222,5
DA:223,5
DA:224,5
DA:225,5
DA:229,3
DA:230,3
DA:231,3
DA:232,3
DA:233,3
DA:237,3
DA:238,3
DA:239,3
DA:240,3
DA:241,3
DA:242,3
DA:246,3
DA:247,3
DA:248,3
DA:249,3
DA:250,3
DA:255,4
DA:256,4
DA:257,4
DA:258,4
DA:259,4
DA:260,4
DA:262,1
DA:263,1
DA:264,1
DA:265,1
DA:266,1
DA:267,1
DA:269,2
DA:270,2
DA:271,2
DA:272,2
DA:273,2
DA:274,2
DA:280,1
DA:281,1
DA:287,2
DA:288,2
DA:290,2
DA:291,2
DA:293,1
DA:294,1
DA:296,1
DA:297,1
DA:304,1
DA:305,1
DA:307,1
DA:308,1
DA:310,1
DA:311,1
DA:318,1
DA:319,1
DA:320,1
DA:324,3
DA:325,3
DA:326,3
DA:327,3
DA:331,5
DA:332,5
DA:333,5
DA:336,1
DA:337,1
DA:338,1
DA:339,1
DA:341,1
DA:342,1
DA:343,1
DA:344,1
DA:346,2
DA:347,2
DA:348,2
DA:349,2
DA:356,6
DA:357,6
DA:358,6
DA:359,6
DA:360,6
DA:361,6
DA:362,6
DA:373,1317
DA:377,307470
DA:381,77
DA:382,77
DA:383,77
DA:390,556
DA:394,667
DA:395,158
DA:398,509
DA:403,8
DA:407,54
DA:408,54
DA:453,316
DA:457,310
DA:461,13
DA:465,2
DA:473,6
DA:477,307206
DA:481,1
DA:489,6
DA:493,4
DA:494,4
DA:495,4
DA:499,2
DA:500,2
DA:501,2
DA:502,2
DA:524,9
DA:525,9
DA:526,9
DA:527,9
DA:528,9
DA:529,9
DA:533,8
DA:534,8
DA:535,8
DA:539,6
DA:540,6
DA:541,6
DA:542,6
DA:543,6
DA:551,13
DA:555,13
DA:556,13
DA:560,11
DA:564,10
DA:565,10
DA:583,4
DA:584,4
DA:601,6
DA:602,6
DA:603,6
DA:604,6
DA:605,6
DA:606,6
DA:607,6
DA:615,307157
DA:616,307157
DA:617,307157
DA:621,22
DA:622,22
DA:623,22
DA:624,22
DA:628,307215
DA:632,28
DA:636,8
DA:640,6
DA:641,6
DA:645,6
DA:646,6
DA:650,6
DA:651,6
DA:655,9
DA:656,9
DA:660,3
DA:661,3
DA:665,4
DA:666,4
DA:674,75
DA:678,21
DA:682,1
DA:683,1
DA:687,3
DA:688,3
DA:692,5
DA:693,5
DA:697,1
DA:698,1
DA:702,1
DA:703,1
DA:707,2
DA:708,2
DA:712,1
LF:302
LH:302
BRDA:49,0,0,2
BRDA:49,0,1,1
BRDA:49,0,2,1
BRDA:49,0,3,1
BRDA:49,0,4,1
BRDA:49,0,5,2
BRDA:49,0,6,1
BRDA:49,0,7,1
BRDA:49,0,8,1
BRDA:49,0,9,1
BRDA:49,0,10,1
BRDA:49,0,11,1
BRDA:49,0,12,1
BRDA:49,0,13,2
BRDA:49,0,14,1
BRDA:49,0,15,1
BRDA:49,0,16,2
BRDA:49,0,17,1
BRDA:49,0,18,1
BRDA:49,0,19,1
BRDA:49,0,20,1
BRDA:49,0,21,307038
BRDA:49,0,22,2
BRDA:49,0,23,2
BRDA:49,0,24,2
BRDA:49,0,25,2
BRDA:49,0,26,1
BRDA:49,0,27,2
BRDA:49,0,28,1
BRDA:49,0,29,2
BRDA:49,0,30,3
BRDA:49,0,31,4
BRDA:49,0,32,5
BRDA:49,0,33,1
BRDA:49,0,34,2
BRDA:49,0,35,3
BRDA:49,0,36,1
BRDA:49,0,37,2
BRDA:49,0,38,3
BRDA:49,0,39,1
BRDA:49,0,40,2
BRDA:49,0,41,3
BRDA:49,0,42,1
BRDA:49,0,43,2
BRDA:49,0,44,3
BRDA:49,0,45,4
BRDA:49,0,46,1
BRDA:49,0,47,2
BRDA:49,0,48,1
BRDA:49,0,49,2
BRDA:49,0,50,2
BRDA:49,0,51,1
BRDA:49,0,52,1
BRDA:49,0,53,1
BRDA:49,0,54,1
BRDA:49,0,55,1
BRDA:49,0,56,1
BRDA:49,0,57,1
BRDA:49,0,58,1
BRDA:49,0,59,1
BRDA:49,0,60,2
BRDA:49,0,61,3
BRDA:49,0,62,1
BRDA:49,0,63,3
BRDA:49,0,64,5
BRDA:49,0,65,1
BRDA:49,0,66,1
BRDA:49,0,67,1
BRDA:49,0,68,2
BRDA:49,0,69,1
BRDA:49,0,70,2
BRDA:49,0,71,3
BRDA:49,0,72,4
BRDA:49,0,73,5
BRDA:49,0,74,6
BRDA:357,1,0,1
BRDA:357,1,1,5
BRDA:359,2,0,1
BRDA:359,2,1,5
BRDA:380,3,0,77
BRDA:393,4,0,15
BRDA:394,5,0,158
BRDA:394,5,1,509
BRDA:524,6,0,2
BRDA:524,6,1,7
BRDA:604,7,0,4
BRDA:604,7,1,2
BRF:87
BRH:87
end_of_record
TN:
SF:js\flag.ts
FNF:0
FNH:0
DA:11,1
DA:12,1
LF:2
LH:2
BRF:0
BRH:0
end_of_record
TN:
SF:js\instruction.ts
FNF:0
FNH:0
DA:107,1
DA:108,1
LF:2
LH:2
BRF:0
BRH:0
end_of_record
TN:
SF:js\memory.ts
FN:5,(anonymous_0)
FN:18,(anonymous_1)
FN:26,(anonymous_2)
FN:30,(anonymous_3)
FN:53,(anonymous_4)
FNF:5
FNH:5
FNDA:93,(anonymous_0)
FNDA:307287,(anonymous_1)
FNDA:241,(anonymous_2)
FNDA:28,(anonymous_3)
FNDA:78,(anonymous_4)
DA:7,93
DA:8,93
DA:11,93
DA:13,6094848
DA:19,307287
DA:27,241
DA:41,28
DA:54,78
DA:55,166
DA:60,1
LF:10
LH:10
BRDA:5,0,0,93
BRF:1
BRH:1
end_of_record
TN:
SF:js\register.ts
FNF:0
FNH:0
DA:8,1
DA:9,1
LF:2
LH:2
BRF:0
BRH:0
end_of_record
